<?xml version="1.0" encoding="UTF-8"?>
<!-- Generated by org.testng.reporters.JUnitReportReporter -->
<testsuite hostname="LIN-5CG1349KRT" failures="0" tests="5" name="RunnerFile.NewTest" time="0.192" errors="0" timestamp="2024-04-02T11:47:08 IST" skipped="0">
  <testcase classname="RunnerFile.NewTest" name="runScenario" time="0.006"/>
  <testcase classname="RunnerFile.NewTest" name="runScenario" time="0.010"/>
  <testcase classname="RunnerFile.NewTest" name="runScenario" time="0.006"/>
  <testcase classname="RunnerFile.NewTest" name="runScenario" time="0.005"/>
  <testcase classname="RunnerFile.NewTest" name="runScenario" time="0.165"/>
</testsuite> <!-- RunnerFile.NewTest -->
