<?xml version="1.0" encoding="UTF-8"?>
<!-- Generated by org.testng.reporters.JUnitReportReporter -->
<testsuite hostname="LIN-5CG1349KRT" failures="0" tests="5" name="RunnerFile.RunnerTest" time="153.504" errors="0" timestamp="2024-04-01T21:56:50 IST" skipped="0">
  <testcase classname="RunnerFile.RunnerTest" name="runScenario" time="27.849"/>
  <system-out/>
  <testcase classname="RunnerFile.RunnerTest" name="runScenario" time="32.137"/>
  <system-out/>
  <testcase classname="RunnerFile.RunnerTest" name="runScenario" time="38.444"/>
  <system-out/>
  <testcase classname="RunnerFile.RunnerTest" name="runScenario" time="26.201"/>
  <system-out/>
  <testcase classname="RunnerFile.RunnerTest" name="runScenario" time="28.873"/>
  <system-out/>
</testsuite> <!-- RunnerFile.RunnerTest -->
